<?xml version="1.0" encoding="UTF-8"?>
<!-- Generated by org.testng.reporters.JUnitXMLReporter -->
<testsuite ignored="2" hostname="Dell" failures="0" tests="1" name="Default test(failed)" time="14.113" errors="0" timestamp="05 Dec 2021 15:42:05 GMT">
  <testcase classname="com.crm.qa.testcases.LoginPageTest" name="loginPageTest" time="5.651"/>
  <testcase classname="com.crm.qa.testcases.LoginPageTest" name="HomePageLogoTest" time="0.0">
    <ignored/>
  </testcase> <!-- HomePageLogoTest -->
  <testcase classname="com.crm.qa.testcases.LoginPageTest" name="ValidateWebPageTitleTest" time="0.0">
    <ignored/>
  </testcase> <!-- ValidateWebPageTitleTest -->
</testsuite> <!-- Default test(failed) -->
