<?xml version="1.0" encoding="UTF-8"?>
<!-- Generated by org.testng.reporters.JUnitXMLReporter -->
<testsuite ignored="3" hostname="Dell" failures="0" tests="1" name="Default test" time="19.738" errors="0" timestamp="09 Dec 2021 16:36:22 GMT">
  <testcase classname="com.crm.qa.testcases.HomePageTest" name="clickOnBookingPageTest" time="2.716"/>
  <testcase classname="com.crm.qa.testcases.HomePageTest" name="clickOnPnrEngquiryPageTest" time="0.0">
    <ignored/>
  </testcase> <!-- clickOnPnrEngquiryPageTest -->
  <testcase classname="com.crm.qa.testcases.HomePageTest" name="verifyHomepageTtileTest" time="0.0">
    <ignored/>
  </testcase> <!-- verifyHomepageTtileTest -->
  <testcase classname="com.crm.qa.testcases.HomePageTest" name="verifyUserNameOnHomePageTest" time="0.0">
    <ignored/>
  </testcase> <!-- verifyUserNameOnHomePageTest -->
</testsuite> <!-- Default test -->
