<?xml version="1.0" encoding="UTF-8"?>
<testng-results ignored="3" total="4" passed="1" failed="0" skipped="0">
  <reporter-output>
  </reporter-output>
  <suite started-at="2021-12-09T16:36:02Z" name="Default suite" finished-at="2021-12-09T16:36:22Z" duration-ms="19738">
    <groups>
    </groups>
    <test started-at="2021-12-09T16:36:02Z" name="Default test" finished-at="2021-12-09T16:36:22Z" duration-ms="19738">
      <class name="com.crm.qa.testcases.HomePageTest">
        <test-method is-config="true" signature="SetUp()[pri:0, instance:com.crm.qa.testcases.HomePageTest@41ab013]" started-at="2021-12-09T22:06:02Z" name="SetUp" finished-at="2021-12-09T22:06:19Z" duration-ms="16859" status="PASS">
          <reporter-output>
          </reporter-output>
        </test-method> <!-- SetUp -->
        <test-method signature="clickOnBookingPageTest()[pri:4, instance:com.crm.qa.testcases.HomePageTest@41ab013]" started-at="2021-12-09T22:06:19Z" name="clickOnBookingPageTest" finished-at="2021-12-09T22:06:22Z" duration-ms="2716" status="PASS">
          <reporter-output>
          </reporter-output>
        </test-method> <!-- clickOnBookingPageTest -->
        <test-method is-config="true" signature="tearDown()[pri:0, instance:com.crm.qa.testcases.HomePageTest@41ab013]" started-at="2021-12-09T22:06:22Z" name="tearDown" finished-at="2021-12-09T22:06:22Z" duration-ms="122" status="PASS">
          <reporter-output>
          </reporter-output>
        </test-method> <!-- tearDown -->
      </class> <!-- com.crm.qa.testcases.HomePageTest -->
    </test> <!-- Default test -->
  </suite> <!-- Default suite -->
</testng-results>
